[34m[加载][0m 2026 首诗
[36m[批量][0m 处理所有 2026 首诗 × 2 段
[36m[任务][0m 共 2026 段待生成
[2m[跳过][0m 45 段已存在
[36m[进度][0m [99/1981] 成功:99 跳过:0 失败:0 速度:12.2段/分钟 耗时:487s
[36m[进度][0m [198/1981] 成功:198 跳过:0 失败:0 速度:11.1段/分钟 耗时:1066s
[36m[进度][0m [297/1981] 成功:297 跳过:0 失败:0 速度:11.1段/分钟 耗时:1610s
[36m[进度][0m [396/1981] 成功:396 跳过:0 失败:0 速度:11.3段/分钟 耗时:2105s
[36m[进度][0m [495/1981] 成功:495 跳过:0 失败:0 速度:10.5段/分钟 耗时:2827s
[36m[进度][0m [594/1981] 成功:594 跳过:0 失败:0 速度:10.4段/分钟 耗时:3425s
[36m[进度][0m [693/1981] 成功:693 跳过:0 失败:0 速度:10.4段/分钟 耗时:4003s
[36m[进度][0m [792/1981] 成功:792 跳过:0 失败:0 速度:10.3段/分钟 耗时:4596s
[36m[进度][0m [891/1981] 成功:891 跳过:0 失败:0 速度:10.0段/分钟 耗时:5362s
[31m[失败][0m ID=1069 translation: tts_failed Error: Command failed: python3 -m edge_tts --voice zh-CN-YunxiNeural --rate=-10% --file "/Users/eigh
[36m[进度][0m [990/1981] 成功:989 跳过:0 失败:1 速度:9.7段/分钟 耗时:6119s
[36m[进度][0m [1089/1981] 成功:1088 跳过:0 失败:1 速度:9.7段/分钟 耗时:6761s
[36m[进度][0m [1188/1981] 成功:1187 跳过:0 失败:1 速度:9.6段/分钟 耗时:7437s
[36m[进度][0m [1287/1981] 成功:1286 跳过:0 失败:1 速度:9.6段/分钟 耗时:8004s
[36m[进度][0m [1386/1981] 成功:1385 跳过:0 失败:1 速度:9.7段/分钟 耗时:8577s
[36m[进度][0m [1485/1981] 成功:1484 跳过:0 失败:1 速度:9.7段/分钟 耗时:9155s
[36m[进度][0m [1584/1981] 成功:1583 跳过:0 失败:1 速度:9.8段/分钟 耗时:9741s
[36m[进度][0m [1683/1981] 成功:1682 跳过:0 失败:1 速度:9.8段/分钟 耗时:10320s
[36m[进度][0m [1782/1981] 成功:1781 跳过:0 失败:1 速度:9.7段/分钟 耗时:11016s
[36m[进度][0m [1881/1981] 成功:1880 跳过:0 失败:1 速度:9.7段/分钟 耗时:11611s
[36m[进度][0m [1980/1981] 成功:1979 跳过:0 失败:1 速度:9.6段/分钟 耗时:12362s

============================================================
[32m[汇总][0m 完成 1980 段，跳过 0 段，失败 1 段（耗时 12372.8s，速度 9.6段/分钟）

失败列表（前 10）：
  ID=1069 translation: Error: Command failed: python3 -m edge_tts --voice zh-CN-YunxiNeural --rate=-10% --file "/Users/eigh
============================================================
